\BOOKMARK [0][-]{chapter*.2}{\376\377\000F\000o\000r\000e\000w\000o\000r\000d}{}% 1
\BOOKMARK [0][-]{chapter*.3}{\376\377\000E\000d\000i\000t\000i\000o\000n\000s}{}% 2
\BOOKMARK [0][-]{chapter*.4}{\376\377\000R\000e\000p\000o\000r\000t\000\040\000E\000r\000r\000o\000r\000s\000/\000\040\000G\000i\000v\000e\000\040\000F\000e\000e\000d\000b\000a\000c\000k}{}% 3
\BOOKMARK [0][-]{chapter*.5}{\376\377\000D\000o\000w\000n\000l\000o\000a\000d\000s}{}% 4
\BOOKMARK [0][-]{chapter.1}{\376\377\000J\000a\000v\000a\000\040\000v\000e\000r\000s\000i\000o\000n}{}% 5
\BOOKMARK [1][-]{section.1.1}{\376\377\000C\000h\000a\000n\000g\000e\000s\000\040\000b\000e\000t\000w\000e\000e\000n\000\040\0001\000.\0006\000.\0001\000\040\000a\000n\000d\000\040\0001\000.\0007\000/\0001\000.\0008\000\040\000t\000h\000a\000t\000\040\000c\000a\000n\000\040\000i\000n\000f\000l\000u\000e\000n\000c\000e\000\040\000t\000h\000e\000\040\000d\000y\000n\000a\000m\000i\000c\000s\000\040\000o\000f\000\040\000m\000o\000d\000e\000l\000s}{chapter.1}% 6
\BOOKMARK [0][-]{chapter.2}{\376\377\000E\000n\000h\000a\000n\000c\000e\000m\000e\000n\000t\000s\000\040\000i\000n\000\040\0001\000.\0007\000/\0001\000.\0008}{}% 7
\BOOKMARK [1][-]{section.2.1}{\376\377\000S\000i\000m\000u\000l\000a\000t\000i\000o\000n\000s}{chapter.2}% 8
\BOOKMARK [1][-]{section.2.2}{\376\377\000L\000a\000n\000g\000u\000a\000g\000e}{chapter.2}% 9
\BOOKMARK [1][-]{section.2.3}{\376\377\000D\000a\000t\000a\000\040\000i\000m\000p\000o\000r\000t\000a\000t\000i\000o\000n}{chapter.2}% 10
\BOOKMARK [1][-]{section.2.4}{\376\377\000N\000a\000v\000i\000g\000a\000t\000o\000r}{chapter.2}% 11
\BOOKMARK [1][-]{section.2.5}{\376\377\000E\000d\000i\000t\000o\000r}{chapter.2}% 12
\BOOKMARK [1][-]{section.2.6}{\376\377\000H\000e\000a\000d\000l\000e\000s\000s}{chapter.2}% 13
\BOOKMARK [1][-]{section.2.7}{\376\377\000M\000o\000d\000e\000l\000s\000\040\000l\000i\000b\000r\000a\000r\000y\000:}{chapter.2}% 14
\BOOKMARK [1][-]{section.2.8}{\376\377\000P\000r\000e\000f\000e\000r\000e\000n\000c\000e\000s}{chapter.2}% 15
\BOOKMARK [1][-]{section.2.9}{\376\377\000S\000i\000m\000u\000l\000a\000t\000i\000o\000n\000\040\000d\000i\000s\000p\000l\000a\000y\000s}{chapter.2}% 16
\BOOKMARK [1][-]{section.2.10}{\376\377\000E\000r\000r\000o\000r\000\040\000v\000i\000e\000w}{chapter.2}% 17
\BOOKMARK [1][-]{section.2.11}{\376\377\000V\000a\000l\000i\000d\000a\000t\000i\000o\000n}{chapter.2}% 18
\BOOKMARK [1][-]{section.2.12}{\376\377\000C\000o\000n\000s\000o\000l\000e}{chapter.2}% 19
\BOOKMARK [1][-]{section.2.13}{\376\377\000M\000o\000n\000i\000t\000o\000r\000\040\000v\000i\000e\000w}{chapter.2}% 20
\BOOKMARK [1][-]{section.2.14}{\376\377\000G\000A\000M\000A\000-\000w\000i\000d\000e\000\040\000o\000n\000l\000i\000n\000e\000\040\000h\000e\000l\000p\000\040\000o\000n\000\040\000t\000h\000e\000\040\000l\000a\000n\000g\000u\000a\000g\000e}{chapter.2}% 21
\BOOKMARK [1][-]{section.2.15}{\376\377\000S\000e\000r\000i\000a\000l\000i\000z\000a\000t\000i\000o\000n}{chapter.2}% 22
\BOOKMARK [1][-]{section.2.16}{\376\377\000A\000l\000l\000o\000w\000\040\000T\000C\000P\000,\000\040\000U\000D\000P\000\040\000a\000n\000d\000\040\000M\000Q\000Q\000T\000\040\000c\000o\000m\000m\000u\000n\000i\000c\000a\000t\000i\000o\000n\000s\000\040\000b\000e\000t\000w\000e\000e\000n\000\040\000a\000g\000e\000n\000t\000s\000\040\000i\000n\000\040\000d\000i\000f\000f\000e\000r\000e\000n\000t\000\040\000s\000i\000m\000u\000l\000a\000t\000i\000o\000n\000s\000\040\000\050\000t\000o\000\040\000c\000o\000m\000e\000\051}{chapter.2}% 23
\BOOKMARK [0][-]{chapter.3}{\376\377\000L\000e\000a\000r\000n\000\040\000G\000A\000M\000L\000\040\000\050\000B\000e\000g\000i\000n\000n\000e\000r\000\040\000-\000I\000\051}{}% 24
\BOOKMARK [0][-]{chapter.4}{\376\377\000L\000i\000t\000e\000r\000a\000l\000s}{}% 25
\BOOKMARK [1][-]{section.4.1}{\376\377\000T\000a\000b\000l\000e\000\040\000o\000f\000\040\000c\000o\000n\000t\000e\000n\000t\000s}{chapter.4}% 26
\BOOKMARK [1][-]{section.4.2}{\376\377\000S\000i\000m\000p\000l\000e\000\040\000T\000y\000p\000e\000s}{chapter.4}% 27
\BOOKMARK [1][-]{section.4.3}{\376\377\000L\000i\000t\000e\000r\000a\000l\000\040\000C\000o\000n\000s\000t\000r\000u\000c\000t\000o\000r\000s}{chapter.4}% 28
\BOOKMARK [1][-]{section.4.4}{\376\377\000U\000n\000i\000v\000e\000r\000s\000a\000l\000\040\000L\000i\000t\000e\000r\000a\000l}{chapter.4}% 29
\BOOKMARK [0][-]{chapter.5}{\376\377\000T\000y\000p\000e\000s}{}% 30
\BOOKMARK [1][-]{section.5.1}{\376\377\000T\000a\000b\000l\000e\000\040\000o\000f\000\040\000c\000o\000n\000t\000e\000n\000t\000s}{chapter.5}% 31
\BOOKMARK [1][-]{section.5.2}{\376\377\000P\000r\000i\000m\000i\000t\000i\000v\000e\000\040\000b\000u\000i\000l\000t\000-\000i\000n\000\040\000t\000y\000p\000e\000s}{chapter.5}% 32
\BOOKMARK [1][-]{section.5.3}{\376\377\000C\000o\000m\000p\000l\000e\000x\000\040\000b\000u\000i\000l\000t\000-\000i\000n\000\040\000t\000y\000p\000e\000s}{chapter.5}% 33
\BOOKMARK [1][-]{section.5.4}{\376\377\000D\000e\000f\000i\000n\000i\000n\000g\000\040\000c\000u\000s\000t\000o\000m\000\040\000t\000y\000p\000e\000s}{chapter.5}% 34
\BOOKMARK [0][-]{chapter.6}{\376\377\000F\000i\000l\000e\000\040\000T\000y\000p\000e\000s}{}% 35
\BOOKMARK [1][-]{section.6.1}{\376\377\000T\000a\000b\000l\000e\000\040\000o\000f\000\040\000c\000o\000n\000t\000e\000n\000t\000s}{chapter.6}% 36
\BOOKMARK [1][-]{section.6.2}{\376\377\000T\000e\000x\000t\000\040\000F\000i\000l\000e}{chapter.6}% 37
\BOOKMARK [1][-]{section.6.3}{\376\377\000C\000S\000V\000\040\000F\000i\000l\000e}{chapter.6}% 38
\BOOKMARK [1][-]{section.6.4}{\376\377\000S\000h\000a\000p\000e\000f\000i\000l\000e}{chapter.6}% 39
\BOOKMARK [1][-]{section.6.5}{\376\377\000O\000S\000M\000\040\000F\000i\000l\000e}{chapter.6}% 40
\BOOKMARK [1][-]{section.6.6}{\376\377\000G\000r\000i\000d\000\040\000F\000i\000l\000e}{chapter.6}% 41
\BOOKMARK [1][-]{section.6.7}{\376\377\000I\000m\000a\000g\000e\000\040\000F\000i\000l\000e}{chapter.6}% 42
\BOOKMARK [1][-]{section.6.8}{\376\377\000S\000V\000G\000\040\000F\000i\000l\000e}{chapter.6}% 43
\BOOKMARK [1][-]{section.6.9}{\376\377\000P\000r\000o\000p\000e\000r\000t\000y\000\040\000F\000i\000l\000e}{chapter.6}% 44
\BOOKMARK [1][-]{section.6.10}{\376\377\000R\000\040\000F\000i\000l\000e}{chapter.6}% 45
\BOOKMARK [1][-]{section.6.11}{\376\377\0003\000D\000S\000\040\000F\000i\000l\000e}{chapter.6}% 46
\BOOKMARK [1][-]{section.6.12}{\376\377\000O\000B\000J\000\040\000F\000i\000l\000e}{chapter.6}% 47
\BOOKMARK [0][-]{chapter.7}{\376\377\000P\000s\000e\000u\000d\000o\000-\000v\000a\000r\000i\000a\000b\000l\000e\000s}{}% 48
\BOOKMARK [1][-]{section.7.1}{\376\377\000T\000a\000b\000l\000e\000\040\000o\000f\000\040\000c\000o\000n\000t\000e\000n\000t\000s}{chapter.7}% 49
\BOOKMARK [1][-]{section.7.2}{\376\377\000s\000e\000l\000f}{chapter.7}% 50
\BOOKMARK [1][-]{section.7.3}{\376\377\000s\000u\000p\000e\000r}{chapter.7}% 51
\BOOKMARK [1][-]{section.7.4}{\376\377\000m\000y\000s\000e\000l\000f}{chapter.7}% 52
\BOOKMARK [1][-]{section.7.5}{\376\377\000e\000a\000c\000h}{chapter.7}% 53
\BOOKMARK [0][-]{chapter.8}{\376\377\000L\000e\000a\000r\000n\000\040\000G\000A\000M\000L\000\040\000\050\000B\000e\000g\000i\000n\000n\000e\000r\000\040\000-\000I\000I\000\051}{}% 54
\BOOKMARK [0][-]{chapter.9}{\376\377\000O\000p\000e\000r\000a\000t\000o\000r\000s\000\040\000b\000y\000\040\000c\000a\000t\000e\000g\000o\000r\000i\000e\000s}{}% 55
\BOOKMARK [0][-]{chapter.10}{\376\377\000O\000p\000e\000r\000a\000t\000o\000r\000s\000\040\000\050\000A\000\040\000t\000o\000\040\000A\000\051}{}% 56
\BOOKMARK [1][-]{section.10.1}{\376\377\000D\000e\000f\000i\000n\000i\000t\000i\000o\000n}{chapter.10}% 57
\BOOKMARK [1][-]{section.10.2}{\376\377\000P\000r\000i\000o\000r\000i\000t\000y\000\040\000b\000e\000t\000w\000e\000e\000n\000\040\000o\000p\000e\000r\000a\000t\000o\000r\000s}{chapter.10}% 58
\BOOKMARK [1][-]{section.10.3}{\376\377\000U\000s\000i\000n\000g\000\040\000a\000c\000t\000i\000o\000n\000s\000\040\000a\000s\000\040\000o\000p\000e\000r\000a\000t\000o\000r\000s}{chapter.10}% 59
\BOOKMARK [1][-]{section.10.4}{\376\377\000T\000a\000b\000l\000e\000\040\000o\000f\000\040\000C\000o\000n\000t\000e\000n\000t\000s}{chapter.10}% 60
\BOOKMARK [1][-]{section.10.5}{\376\377\000O\000p\000e\000r\000a\000t\000o\000r\000s\000\040\000b\000y\000\040\000c\000a\000t\000e\000g\000o\000r\000i\000e\000s}{chapter.10}% 61
\BOOKMARK [1][-]{section.10.6}{\376\377\000O\000p\000e\000r\000a\000t\000o\000r\000s}{chapter.10}% 62
\BOOKMARK [0][-]{chapter.11}{\376\377\000O\000p\000e\000r\000a\000t\000o\000r\000s\000\040\000\050\000B\000\040\000t\000o\000\040\000C\000\051}{}% 63
\BOOKMARK [1][-]{section.11.1}{\376\377\000D\000e\000f\000i\000n\000i\000t\000i\000o\000n}{chapter.11}% 64
\BOOKMARK [1][-]{section.11.2}{\376\377\000P\000r\000i\000o\000r\000i\000t\000y\000\040\000b\000e\000t\000w\000e\000e\000n\000\040\000o\000p\000e\000r\000a\000t\000o\000r\000s}{chapter.11}% 65
\BOOKMARK [1][-]{section.11.3}{\376\377\000U\000s\000i\000n\000g\000\040\000a\000c\000t\000i\000o\000n\000s\000\040\000a\000s\000\040\000o\000p\000e\000r\000a\000t\000o\000r\000s}{chapter.11}% 66
\BOOKMARK [1][-]{section.11.4}{\376\377\000T\000a\000b\000l\000e\000\040\000o\000f\000\040\000C\000o\000n\000t\000e\000n\000t\000s}{chapter.11}% 67
\BOOKMARK [1][-]{section.11.5}{\376\377\000O\000p\000e\000r\000a\000t\000o\000r\000s\000\040\000b\000y\000\040\000c\000a\000t\000e\000g\000o\000r\000i\000e\000s}{chapter.11}% 68
\BOOKMARK [1][-]{section.11.6}{\376\377\000O\000p\000e\000r\000a\000t\000o\000r\000s}{chapter.11}% 69
\BOOKMARK [0][-]{chapter.12}{\376\377\000O\000p\000e\000r\000a\000t\000o\000r\000s\000\040\000\050\000D\000\040\000t\000o\000\040\000H\000\051}{}% 70
\BOOKMARK [1][-]{section.12.1}{\376\377\000D\000e\000f\000i\000n\000i\000t\000i\000o\000n}{chapter.12}% 71
\BOOKMARK [1][-]{section.12.2}{\376\377\000P\000r\000i\000o\000r\000i\000t\000y\000\040\000b\000e\000t\000w\000e\000e\000n\000\040\000o\000p\000e\000r\000a\000t\000o\000r\000s}{chapter.12}% 72
\BOOKMARK [1][-]{section.12.3}{\376\377\000U\000s\000i\000n\000g\000\040\000a\000c\000t\000i\000o\000n\000s\000\040\000a\000s\000\040\000o\000p\000e\000r\000a\000t\000o\000r\000s}{chapter.12}% 73
\BOOKMARK [1][-]{section.12.4}{\376\377\000T\000a\000b\000l\000e\000\040\000o\000f\000\040\000C\000o\000n\000t\000e\000n\000t\000s}{chapter.12}% 74
\BOOKMARK [1][-]{section.12.5}{\376\377\000O\000p\000e\000r\000a\000t\000o\000r\000s\000\040\000b\000y\000\040\000c\000a\000t\000e\000g\000o\000r\000i\000e\000s}{chapter.12}% 75
\BOOKMARK [1][-]{section.12.6}{\376\377\000O\000p\000e\000r\000a\000t\000o\000r\000s}{chapter.12}% 76
\BOOKMARK [0][-]{chapter.13}{\376\377\000O\000p\000e\000r\000a\000t\000o\000r\000s\000\040\000\050\000I\000\040\000t\000o\000\040\000M\000\051}{}% 77
\BOOKMARK [1][-]{section.13.1}{\376\377\000D\000e\000f\000i\000n\000i\000t\000i\000o\000n}{chapter.13}% 78
\BOOKMARK [1][-]{section.13.2}{\376\377\000P\000r\000i\000o\000r\000i\000t\000y\000\040\000b\000e\000t\000w\000e\000e\000n\000\040\000o\000p\000e\000r\000a\000t\000o\000r\000s}{chapter.13}% 79
\BOOKMARK [1][-]{section.13.3}{\376\377\000U\000s\000i\000n\000g\000\040\000a\000c\000t\000i\000o\000n\000s\000\040\000a\000s\000\040\000o\000p\000e\000r\000a\000t\000o\000r\000s}{chapter.13}% 80
\BOOKMARK [1][-]{section.13.4}{\376\377\000T\000a\000b\000l\000e\000\040\000o\000f\000\040\000C\000o\000n\000t\000e\000n\000t\000s}{chapter.13}% 81
\BOOKMARK [1][-]{section.13.5}{\376\377\000O\000p\000e\000r\000a\000t\000o\000r\000s\000\040\000b\000y\000\040\000c\000a\000t\000e\000g\000o\000r\000i\000e\000s}{chapter.13}% 82
\BOOKMARK [1][-]{section.13.6}{\376\377\000O\000p\000e\000r\000a\000t\000o\000r\000s}{chapter.13}% 83
\BOOKMARK [0][-]{chapter.14}{\376\377\000O\000p\000e\000r\000a\000t\000o\000r\000s\000\040\000\050\000N\000\040\000t\000o\000\040\000R\000\051}{}% 84
\BOOKMARK [1][-]{section.14.1}{\376\377\000D\000e\000f\000i\000n\000i\000t\000i\000o\000n}{chapter.14}% 85
\BOOKMARK [1][-]{section.14.2}{\376\377\000P\000r\000i\000o\000r\000i\000t\000y\000\040\000b\000e\000t\000w\000e\000e\000n\000\040\000o\000p\000e\000r\000a\000t\000o\000r\000s}{chapter.14}% 86
\BOOKMARK [1][-]{section.14.3}{\376\377\000U\000s\000i\000n\000g\000\040\000a\000c\000t\000i\000o\000n\000s\000\040\000a\000s\000\040\000o\000p\000e\000r\000a\000t\000o\000r\000s}{chapter.14}% 87
\BOOKMARK [1][-]{section.14.4}{\376\377\000T\000a\000b\000l\000e\000\040\000o\000f\000\040\000C\000o\000n\000t\000e\000n\000t\000s}{chapter.14}% 88
\BOOKMARK [1][-]{section.14.5}{\376\377\000O\000p\000e\000r\000a\000t\000o\000r\000s\000\040\000b\000y\000\040\000c\000a\000t\000e\000g\000o\000r\000i\000e\000s}{chapter.14}% 89
\BOOKMARK [1][-]{section.14.6}{\376\377\000O\000p\000e\000r\000a\000t\000o\000r\000s}{chapter.14}% 90
\BOOKMARK [0][-]{chapter.15}{\376\377\000O\000p\000e\000r\000a\000t\000o\000r\000s\000\040\000\050\000S\000\040\000t\000o\000\040\000Z\000\051}{}% 91
\BOOKMARK [1][-]{section.15.1}{\376\377\000D\000e\000f\000i\000n\000i\000t\000i\000o\000n}{chapter.15}% 92
\BOOKMARK [1][-]{section.15.2}{\376\377\000P\000r\000i\000o\000r\000i\000t\000y\000\040\000b\000e\000t\000w\000e\000e\000n\000\040\000o\000p\000e\000r\000a\000t\000o\000r\000s}{chapter.15}% 93
\BOOKMARK [1][-]{section.15.3}{\376\377\000U\000s\000i\000n\000g\000\040\000a\000c\000t\000i\000o\000n\000s\000\040\000a\000s\000\040\000o\000p\000e\000r\000a\000t\000o\000r\000s}{chapter.15}% 94
\BOOKMARK [1][-]{section.15.4}{\376\377\000T\000a\000b\000l\000e\000\040\000o\000f\000\040\000C\000o\000n\000t\000e\000n\000t\000s}{chapter.15}% 95
\BOOKMARK [1][-]{section.15.5}{\376\377\000O\000p\000e\000r\000a\000t\000o\000r\000s\000\040\000b\000y\000\040\000c\000a\000t\000e\000g\000o\000r\000i\000e\000s}{chapter.15}% 96
\BOOKMARK [1][-]{section.15.6}{\376\377\000O\000p\000e\000r\000a\000t\000o\000r\000s}{chapter.15}% 97
\BOOKMARK [0][-]{chapter.16}{\376\377\000S\000t\000a\000t\000e\000m\000e\000n\000t\000s}{}% 98
\BOOKMARK [1][-]{section.16.1}{\376\377\000T\000a\000b\000l\000e\000\040\000o\000f\000\040\000C\000o\000n\000t\000e\000n\000t\000s}{chapter.16}% 99
\BOOKMARK [1][-]{section.16.2}{\376\377\000S\000t\000a\000t\000e\000m\000e\000n\000t\000s\000\040\000b\000y\000\040\000k\000i\000n\000d\000s}{chapter.16}% 100
\BOOKMARK [1][-]{section.16.3}{\376\377\000S\000t\000a\000t\000e\000m\000e\000n\000t\000s\000\040\000b\000y\000\040\000e\000m\000b\000e\000d\000m\000e\000n\000t}{chapter.16}% 101
\BOOKMARK [1][-]{section.16.4}{\376\377\000G\000e\000n\000e\000r\000a\000l\000\040\000s\000y\000n\000t\000a\000x}{chapter.16}% 102
