\BOOKMARK [0][-]{chapter*.2}{Foreword}{}% 1
\BOOKMARK [0][-]{chapter*.3}{Editions}{}% 2
\BOOKMARK [0][-]{chapter*.4}{Report\040Errors/\040Give\040Feedback}{}% 3
\BOOKMARK [0][-]{chapter*.5}{Downloads}{}% 4
\BOOKMARK [0][-]{chapter.1}{Java\040version}{}% 5
\BOOKMARK [1][-]{section.1.1}{Changes\040between\0401.6.1\040and\0401.7/1.8\040that\040can\040influence\040the\040dynamics\040of\040models}{chapter.1}% 6
\BOOKMARK [0][-]{chapter.2}{Enhancements\040in\0401.7/1.8}{}% 7
\BOOKMARK [1][-]{section.2.1}{Simulations}{chapter.2}% 8
\BOOKMARK [1][-]{section.2.2}{Language}{chapter.2}% 9
\BOOKMARK [1][-]{section.2.3}{Data\040importation}{chapter.2}% 10
\BOOKMARK [1][-]{section.2.4}{Navigator}{chapter.2}% 11
\BOOKMARK [1][-]{section.2.5}{Editor}{chapter.2}% 12
\BOOKMARK [1][-]{section.2.6}{Headless}{chapter.2}% 13
\BOOKMARK [1][-]{section.2.7}{Models\040library:}{chapter.2}% 14
\BOOKMARK [1][-]{section.2.8}{Preferences}{chapter.2}% 15
\BOOKMARK [1][-]{section.2.9}{Simulation\040displays}{chapter.2}% 16
\BOOKMARK [1][-]{section.2.10}{Error\040view}{chapter.2}% 17
\BOOKMARK [1][-]{section.2.11}{Validation}{chapter.2}% 18
\BOOKMARK [1][-]{section.2.12}{Console}{chapter.2}% 19
\BOOKMARK [1][-]{section.2.13}{Monitor\040view}{chapter.2}% 20
\BOOKMARK [1][-]{section.2.14}{GAMA-wide\040online\040help\040on\040the\040language}{chapter.2}% 21
\BOOKMARK [1][-]{section.2.15}{Serialization}{chapter.2}% 22
\BOOKMARK [1][-]{section.2.16}{Allow\040TCP,\040UDP\040and\040MQQT\040communications\040between\040agents\040in\040different\040simulations\040\(to\040come\)}{chapter.2}% 23
\BOOKMARK [0][-]{chapter.3}{Learn\040GAML\040\(Beginner\040-I\)}{}% 24
\BOOKMARK [0][-]{chapter.4}{Literals}{}% 25
\BOOKMARK [1][-]{section.4.1}{Table\040of\040contents}{chapter.4}% 26
\BOOKMARK [1][-]{section.4.2}{Simple\040Types}{chapter.4}% 27
\BOOKMARK [1][-]{section.4.3}{Literal\040Constructors}{chapter.4}% 28
\BOOKMARK [1][-]{section.4.4}{Universal\040Literal}{chapter.4}% 29
\BOOKMARK [0][-]{chapter.5}{Types}{}% 30
\BOOKMARK [1][-]{section.5.1}{Table\040of\040contents}{chapter.5}% 31
\BOOKMARK [1][-]{section.5.2}{Primitive\040built-in\040types}{chapter.5}% 32
\BOOKMARK [1][-]{section.5.3}{Complex\040built-in\040types}{chapter.5}% 33
\BOOKMARK [1][-]{section.5.4}{Defining\040custom\040types}{chapter.5}% 34
\BOOKMARK [0][-]{chapter.6}{File\040Types}{}% 35
\BOOKMARK [1][-]{section.6.1}{Table\040of\040contents}{chapter.6}% 36
\BOOKMARK [1][-]{section.6.2}{Text\040File}{chapter.6}% 37
\BOOKMARK [1][-]{section.6.3}{CSV\040File}{chapter.6}% 38
\BOOKMARK [1][-]{section.6.4}{Shapefile}{chapter.6}% 39
\BOOKMARK [1][-]{section.6.5}{OSM\040File}{chapter.6}% 40
\BOOKMARK [1][-]{section.6.6}{Grid\040File}{chapter.6}% 41
\BOOKMARK [1][-]{section.6.7}{Image\040File}{chapter.6}% 42
\BOOKMARK [1][-]{section.6.8}{SVG\040File}{chapter.6}% 43
\BOOKMARK [1][-]{section.6.9}{Property\040File}{chapter.6}% 44
\BOOKMARK [1][-]{section.6.10}{R\040File}{chapter.6}% 45
\BOOKMARK [1][-]{section.6.11}{3DS\040File}{chapter.6}% 46
\BOOKMARK [1][-]{section.6.12}{OBJ\040File}{chapter.6}% 47
\BOOKMARK [0][-]{chapter.7}{Pseudo-variables}{}% 48
\BOOKMARK [1][-]{section.7.1}{Table\040of\040contents}{chapter.7}% 49
\BOOKMARK [1][-]{section.7.2}{self}{chapter.7}% 50
\BOOKMARK [1][-]{section.7.3}{super}{chapter.7}% 51
\BOOKMARK [1][-]{section.7.4}{myself}{chapter.7}% 52
\BOOKMARK [1][-]{section.7.5}{each}{chapter.7}% 53
\BOOKMARK [0][-]{chapter.8}{Learn\040GAML\040\(Beginner\040-II\)}{}% 54
\BOOKMARK [0][-]{chapter.9}{Operators\040by\040categories}{}% 55
\BOOKMARK [0][-]{chapter.10}{Operators\040\(A\040to\040A\)}{}% 56
\BOOKMARK [1][-]{section.10.1}{Definition}{chapter.10}% 57
\BOOKMARK [1][-]{section.10.2}{Priority\040between\040operators}{chapter.10}% 58
\BOOKMARK [1][-]{section.10.3}{Using\040actions\040as\040operators}{chapter.10}% 59
\BOOKMARK [1][-]{section.10.4}{Table\040of\040Contents}{chapter.10}% 60
\BOOKMARK [1][-]{section.10.5}{Operators\040by\040categories}{chapter.10}% 61
\BOOKMARK [1][-]{section.10.6}{Operators}{chapter.10}% 62
\BOOKMARK [0][-]{chapter.11}{Operators\040\(B\040to\040C\)}{}% 63
\BOOKMARK [1][-]{section.11.1}{Definition}{chapter.11}% 64
\BOOKMARK [1][-]{section.11.2}{Priority\040between\040operators}{chapter.11}% 65
\BOOKMARK [1][-]{section.11.3}{Using\040actions\040as\040operators}{chapter.11}% 66
\BOOKMARK [1][-]{section.11.4}{Table\040of\040Contents}{chapter.11}% 67
\BOOKMARK [1][-]{section.11.5}{Operators\040by\040categories}{chapter.11}% 68
\BOOKMARK [1][-]{section.11.6}{Operators}{chapter.11}% 69
\BOOKMARK [0][-]{chapter.12}{Operators\040\(D\040to\040H\)}{}% 70
\BOOKMARK [1][-]{section.12.1}{Definition}{chapter.12}% 71
\BOOKMARK [1][-]{section.12.2}{Priority\040between\040operators}{chapter.12}% 72
\BOOKMARK [1][-]{section.12.3}{Using\040actions\040as\040operators}{chapter.12}% 73
\BOOKMARK [1][-]{section.12.4}{Table\040of\040Contents}{chapter.12}% 74
\BOOKMARK [1][-]{section.12.5}{Operators\040by\040categories}{chapter.12}% 75
\BOOKMARK [1][-]{section.12.6}{Operators}{chapter.12}% 76
\BOOKMARK [0][-]{chapter.13}{Operators\040\(I\040to\040M\)}{}% 77
\BOOKMARK [1][-]{section.13.1}{Definition}{chapter.13}% 78
\BOOKMARK [1][-]{section.13.2}{Priority\040between\040operators}{chapter.13}% 79
\BOOKMARK [1][-]{section.13.3}{Using\040actions\040as\040operators}{chapter.13}% 80
\BOOKMARK [1][-]{section.13.4}{Table\040of\040Contents}{chapter.13}% 81
\BOOKMARK [1][-]{section.13.5}{Operators\040by\040categories}{chapter.13}% 82
\BOOKMARK [1][-]{section.13.6}{Operators}{chapter.13}% 83
\BOOKMARK [0][-]{chapter.14}{Operators\040\(N\040to\040R\)}{}% 84
\BOOKMARK [1][-]{section.14.1}{Definition}{chapter.14}% 85
\BOOKMARK [1][-]{section.14.2}{Priority\040between\040operators}{chapter.14}% 86
\BOOKMARK [1][-]{section.14.3}{Using\040actions\040as\040operators}{chapter.14}% 87
\BOOKMARK [1][-]{section.14.4}{Table\040of\040Contents}{chapter.14}% 88
\BOOKMARK [1][-]{section.14.5}{Operators\040by\040categories}{chapter.14}% 89
\BOOKMARK [1][-]{section.14.6}{Operators}{chapter.14}% 90
\BOOKMARK [0][-]{chapter.15}{Operators\040\(S\040to\040Z\)}{}% 91
\BOOKMARK [1][-]{section.15.1}{Definition}{chapter.15}% 92
\BOOKMARK [1][-]{section.15.2}{Priority\040between\040operators}{chapter.15}% 93
\BOOKMARK [1][-]{section.15.3}{Using\040actions\040as\040operators}{chapter.15}% 94
\BOOKMARK [1][-]{section.15.4}{Table\040of\040Contents}{chapter.15}% 95
\BOOKMARK [1][-]{section.15.5}{Operators\040by\040categories}{chapter.15}% 96
\BOOKMARK [1][-]{section.15.6}{Operators}{chapter.15}% 97
\BOOKMARK [0][-]{chapter.16}{Statements}{}% 98
\BOOKMARK [1][-]{section.16.1}{Table\040of\040Contents}{chapter.16}% 99
\BOOKMARK [1][-]{section.16.2}{Statements\040by\040kinds}{chapter.16}% 100
\BOOKMARK [1][-]{section.16.3}{Statements\040by\040embedment}{chapter.16}% 101
\BOOKMARK [1][-]{section.16.4}{General\040syntax}{chapter.16}% 102
